app/build/outputs/logs/manifest-merger-debug-report.txt
-- Merging decision tree log ---
manifest
ADDED from src\main\AndroidManifest.xml:2:1-150:12
	package
		ADDED from src\main\AndroidManifest.xml:3:5-41
		INJECTED from src\main\AndroidManifest.xml
		INJECTED from src\main\AndroidManifest.xml
	android:versionName
		ADDED from src\main\AndroidManifest.xml:6:5-33
		INJECTED from src\main\AndroidManifest.xml
		INJECTED from src\main\AndroidManifest.xml
	android:versionCode
		ADDED from src\main\AndroidManifest.xml:5:5-28
		INJECTED from src\main\AndroidManifest.xml
		INJECTED from src\main\AndroidManifest.xml
	xmlns:android
		ADDED from src\main\AndroidManifest.xml:2:11-69
	android:installLocation
		ADDED from src\main\AndroidManifest.xml:4:5-43
uses-sdk
ADDED from src\main\AndroidManifest.xml:7:5-9:41
	android:targetSdkVersion
		ADDED from src\main\AndroidManifest.xml:9:9-38
		INJECTED from src\main\AndroidManifest.xml
		INJECTED from src\main\AndroidManifest.xml
	android:minSdkVersion
		ADDED from src\main\AndroidManifest.xml:8:9-34
		INJECTED from src\main\AndroidManifest.xml
		INJECTED from src\main\AndroidManifest.xml
uses-feature#android.hardware.camera
ADDED from src\main\AndroidManifest.xml:10:5-60
	android:name
		ADDED from src\main\AndroidManifest.xml:10:19-57
uses-feature#android.hardware.camera.autofocus
ADDED from src\main\AndroidManifest.xml:11:5-70
	android:name
		ADDED from src\main\AndroidManifest.xml:11:19-67
uses-permission#android.permission.SEND_SMS
ADDED from src\main\AndroidManifest.xml:12:6-68
	android:name
		ADDED from src\main\AndroidManifest.xml:12:23-65
uses-permission#android.permission.READ_CONTACTS
ADDED from src\main\AndroidManifest.xml:13:5-72
	android:name
		ADDED from src\main\AndroidManifest.xml:13:22-69
uses-permission#android.permission.WRITE_SMS
ADDED from src\main\AndroidManifest.xml:14:5-68
	android:name
		ADDED from src\main\AndroidManifest.xml:14:22-65
uses-permission#android.permission.WRITE_EXTERNAL_STORAGE
ADDED from src\main\AndroidManifest.xml:15:5-81
	android:name
		ADDED from src\main\AndroidManifest.xml:15:22-78
uses-permission#android.permission.RECORD_AUDIO
ADDED from src\main\AndroidManifest.xml:16:5-71
	android:name
		ADDED from src\main\AndroidManifest.xml:16:22-68
uses-permission#android.permission.RECORD_VIDEO
ADDED from src\main\AndroidManifest.xml:17:5-71
	android:name
		ADDED from src\main\AndroidManifest.xml:17:22-68
uses-permission#android.permission.INTERNET
ADDED from src\main\AndroidManifest.xml:18:5-67
	android:name
		ADDED from src\main\AndroidManifest.xml:18:22-64
uses-permission#android.permission.ACCESS_FINE_LOCATION
ADDED from src\main\AndroidManifest.xml:19:5-79
	android:name
		ADDED from src\main\AndroidManifest.xml:19:22-76
uses-permission#android.permission.ACCESS_COARSE_LOCATION
ADDED from src\main\AndroidManifest.xml:20:5-81
	android:name
		ADDED from src\main\AndroidManifest.xml:20:22-78
uses-permission#android.permission.CAMERA
ADDED from src\main\AndroidManifest.xml:21:5-65
	android:name
		ADDED from src\main\AndroidManifest.xml:21:22-62
uses-permission#android.permission.READ_SMS
ADDED from src\main\AndroidManifest.xml:22:5-67
	android:name
		ADDED from src\main\AndroidManifest.xml:22:22-64
uses-permission#android.permission.ACCESS_NETWORK_STATE
ADDED from src\main\AndroidManifest.xml:23:5-79
	android:name
		ADDED from src\main\AndroidManifest.xml:23:22-76
uses-permission#android.permission.READ_PHONE_STATE
ADDED from src\main\AndroidManifest.xml:24:5-75
	android:name
		ADDED from src\main\AndroidManifest.xml:24:22-72
uses-permission#android.permission.WAKE_LOCK
ADDED from src\main\AndroidManifest.xml:25:5-68
	android:name
		ADDED from src\main\AndroidManifest.xml:25:22-65
uses-permission#android.permission.GET_ACCOUNTS
ADDED from src\main\AndroidManifest.xml:26:5-71
	android:name
		ADDED from src\main\AndroidManifest.xml:26:22-68
uses-permission#android.permission.DISABLE_KEYGUARD
ADDED from src\main\AndroidManifest.xml:27:5-74
	android:name
		ADDED from src\main\AndroidManifest.xml:27:22-72
uses-permission#android.permission.WRITE_SETTINGS
ADDED from src\main\AndroidManifest.xml:28:5-72
	android:name
		ADDED from src\main\AndroidManifest.xml:28:22-70
uses-permission#android.permission.STORAGE
ADDED from src\main\AndroidManifest.xml:30:5-66
	android:name
		ADDED from src\main\AndroidManifest.xml:30:22-63
application
ADDED from src\main\AndroidManifest.xml:32:5-149:19
	android:label
		ADDED from src\main\AndroidManifest.xml:35:9-41
	android:icon
		ADDED from src\main\AndroidManifest.xml:34:9-45
	android:name
		ADDED from src\main\AndroidManifest.xml:33:9-44
activity#com.slobodastudio.smspanic.activities.MessagesListActivity
ADDED from src\main\AndroidManifest.xml:36:9-43:20
	android:label
		ADDED from src\main\AndroidManifest.xml:38:13-45
	android:name
		ADDED from src\main\AndroidManifest.xml:37:13-60
intent-filter#android.intent.action.MAIN+android.intent.category.LAUNCHER
ADDED from src\main\AndroidManifest.xml:39:13-42:29
action#android.intent.action.MAIN
ADDED from src\main\AndroidManifest.xml:40:17-69
	android:name
		ADDED from src\main\AndroidManifest.xml:40:25-66
category#android.intent.category.LAUNCHER
ADDED from src\main\AndroidManifest.xml:41:17-77
	android:name
		ADDED from src\main\AndroidManifest.xml:41:27-74
activity#com.slobodastudio.smspanic.activities.WidgetConfigureActivity
ADDED from src\main\AndroidManifest.xml:44:9-50:20
	android:label
		ADDED from src\main\AndroidManifest.xml:46:13-45
	android:name
		ADDED from src\main\AndroidManifest.xml:45:13-63
intent-filter#android.appwidget.action.ACTION_APPWIDGET_CONFIGURE
ADDED from src\main\AndroidManifest.xml:47:13-49:29
action#android.appwidget.action.ACTION_APPWIDGET_CONFIGURE
ADDED from src\main\AndroidManifest.xml:48:17-94
	android:name
		ADDED from src\main\AndroidManifest.xml:48:25-91
activity#com.slobodastudio.smspanic.activities.LargeWidgetConfigureActivity
ADDED from src\main\AndroidManifest.xml:51:9-57:20
	android:label
		ADDED from src\main\AndroidManifest.xml:53:13-45
	android:name
		ADDED from src\main\AndroidManifest.xml:52:13-68
activity#com.slobodastudio.smspanic.activities.InstructionActivity
ADDED from src\main\AndroidManifest.xml:58:9-61:20
	android:label
		ADDED from src\main\AndroidManifest.xml:60:13-45
	android:name
		ADDED from src\main\AndroidManifest.xml:59:13-59
activity#com.slobodastudio.smspanic.activities.StrobActivity
ADDED from src\main\AndroidManifest.xml:62:9-68:20
	android:label
		ADDED from src\main\AndroidManifest.xml:64:13-45
	android:excludeFromRecents
		ADDED from src\main\AndroidManifest.xml:65:13-46
	android:windowSoftInputMode
		ADDED from src\main\AndroidManifest.xml:67:13-54
	android:theme
		ADDED from src\main\AndroidManifest.xml:66:13-53
	android:name
		ADDED from src\main\AndroidManifest.xml:63:13-53
activity#com.slobodastudio.smspanic.activities.MediaCaptureActivity
ADDED from src\main\AndroidManifest.xml:69:9-78:20
	android:screenOrientation
		ADDED from src\main\AndroidManifest.xml:71:13-49
	android:label
		ADDED from src\main\AndroidManifest.xml:73:13-45
	android:excludeFromRecents
		ADDED from src\main\AndroidManifest.xml:72:13-46
	android:launchMode
		ADDED from src\main\AndroidManifest.xml:74:13-43
	android:noHistory
		ADDED from src\main\AndroidManifest.xml:77:13-38
	android:configChanges
		ADDED from src\main\AndroidManifest.xml:76:13-63
	android:theme
		ADDED from src\main\AndroidManifest.xml:75:13-53
	android:name
		ADDED from src\main\AndroidManifest.xml:70:13-60
activity#com.slobodastudio.smspanic.activities.AddMessageActivity
ADDED from src\main\AndroidManifest.xml:79:9-82:20
	android:label
		ADDED from src\main\AndroidManifest.xml:81:13-45
	android:name
		ADDED from src\main\AndroidManifest.xml:80:13-58
activity#com.slobodastudio.smspanic.activities.PickContactsActivity
ADDED from src\main\AndroidManifest.xml:83:9-86:20
	android:label
		ADDED from src\main\AndroidManifest.xml:85:13-45
	android:name
		ADDED from src\main\AndroidManifest.xml:84:13-60
activity#com.slobodastudio.smspanic.activities.SosButtonActivity
ADDED from src\main\AndroidManifest.xml:87:9-93:20
	android:screenOrientation
		ADDED from src\main\AndroidManifest.xml:89:13-49
	android:label
		ADDED from src\main\AndroidManifest.xml:91:13-45
	android:excludeFromRecents
		ADDED from src\main\AndroidManifest.xml:90:13-46
	android:noHistory
		ADDED from src\main\AndroidManifest.xml:92:13-37
	android:name
		ADDED from src\main\AndroidManifest.xml:88:13-57
activity#com.slobodastudio.smspanic.activities.PreferenceActivity
ADDED from src\main\AndroidManifest.xml:94:9-97:20
	android:label
		ADDED from src\main\AndroidManifest.xml:96:13-45
	android:name
		ADDED from src\main\AndroidManifest.xml:95:13-58
service#com.slobodastudio.smspanic.services.ListenerService
ADDED from src\main\AndroidManifest.xml:103:9-104:19
	android:name
		ADDED from src\main\AndroidManifest.xml:103:18-58
receiver#com.slobodastudio.smspanic.widget.SmsWidgetProvider
ADDED from src\main\AndroidManifest.xml:106:9-115:20
	android:label
		ADDED from src\main\AndroidManifest.xml:108:13-54
	android:name
		ADDED from src\main\AndroidManifest.xml:107:13-53
meta-data#android.appwidget.provider
ADDED from src\main\AndroidManifest.xml:109:13-111:59
	android:resource
		ADDED from src\main\AndroidManifest.xml:111:17-56
	android:name
		ADDED from src\main\AndroidManifest.xml:110:17-58
intent-filter#android.appwidget.action.APPWIDGET_UPDATE
ADDED from src\main\AndroidManifest.xml:112:13-114:29
action#android.appwidget.action.APPWIDGET_UPDATE
ADDED from src\main\AndroidManifest.xml:113:17-84
	android:name
		ADDED from src\main\AndroidManifest.xml:113:25-81
receiver#com.slobodastudio.smspanic.widgetlarge.SmsWidgetProviderLarge
ADDED from src\main\AndroidManifest.xml:116:9-125:20
	android:label
		ADDED from src\main\AndroidManifest.xml:118:13-54
	android:name
		ADDED from src\main\AndroidManifest.xml:117:13-63
receiver#com.slobodastudio.smspanic.broadcasts.SmsSenderBroadcast
ADDED from src\main\AndroidManifest.xml:126:9-130:20
	android:name
		ADDED from src\main\AndroidManifest.xml:126:19-64
intent-filter#com.slobodastudio.smspanic.smssenderbroadcast
ADDED from src\main\AndroidManifest.xml:127:13-129:29
action#com.slobodastudio.smspanic.smssenderbroadcast
ADDED from src\main\AndroidManifest.xml:128:17-88
	android:name
		ADDED from src\main\AndroidManifest.xml:128:25-85
receiver#com.slobodastudio.smspanic.broadcasts.DoEnableStrobBroadcast
ADDED from src\main\AndroidManifest.xml:131:9-132:20
	android:name
		ADDED from src\main\AndroidManifest.xml:131:19-68
provider#com.slobodastudio.smspanic.database.SmsPanicProvider
ADDED from src\main\AndroidManifest.xml:133:9-136:40
	android:authorities
		ADDED from src\main\AndroidManifest.xml:135:13-61
	android:exported
		ADDED from src\main\AndroidManifest.xml:136:13-37
	android:name
		ADDED from src\main\AndroidManifest.xml:134:13-54
service#com.slobodastudio.smspanic.services.BufService
ADDED from src\main\AndroidManifest.xml:137:9-64
	android:name
		ADDED from src\main\AndroidManifest.xml:137:18-53
activity#com.slobodastudio.smspanic.activities.DialogActivity
ADDED from src\main\AndroidManifest.xml:138:9-141:49
	android:noHistory
		ADDED from src\main\AndroidManifest.xml:141:13-37
	android:configChanges
		ADDED from src\main\AndroidManifest.xml:139:13-63
	android:theme
		ADDED from src\main\AndroidManifest.xml:140:13-56
	android:name
		ADDED from src\main\AndroidManifest.xml:138:19-60
service#com.slobodastudio.smspanic.services.SoundChangeListenerService
ADDED from src\main\AndroidManifest.xml:142:9-80
	android:name
		ADDED from src\main\AndroidManifest.xml:142:18-69
service#com.slobodastudio.smspanic.services.EmailSenderService
ADDED from src\main\AndroidManifest.xml:143:9-144:46
	android:launchMode
		ADDED from src\main\AndroidManifest.xml:144:13-44
	android:name
		ADDED from src\main\AndroidManifest.xml:143:18-61
activity#com.slobodastudio.smspanic.activities.BlackActivity
ADDED from src\main\AndroidManifest.xml:145:9-147:24
	android:theme
		ADDED from src\main\AndroidManifest.xml:146:13-77
	android:name
		ADDED from src\main\AndroidManifest.xml:145:19-59
service#com.slobodastudio.smspanic.services.AccelerometerListenerService
ADDED from src\main\AndroidManifest.xml:148:9-82
	android:name
		ADDED from src\main\AndroidManifest.xml:148:18-71